The system is: Darwin - 13.4.0 - x86_64
Compiling the C compiler identification source file "CMakeCCompilerId.c" succeeded.
Compiler: /usr/bin/cc 
Build flags: 
Id flags: 

The output was:
0


Compilation of the C compiler identification source "CMakeCCompilerId.c" produced "a.out"

The C compiler identification is AppleClang, found in "/Users/evison/Documents/projects/lmf/laiguokun/LMF/metis-5.0.2-rbbdf/build/Darwin-x86_64/CMakeFiles/3.1.1/CompilerIdC/a.out"

Compiling the CXX compiler identification source file "CMakeCXXCompilerId.cpp" succeeded.
Compiler: /usr/bin/c++ 
Build flags: 
Id flags: 

The output was:
0


Compilation of the CXX compiler identification source "CMakeCXXCompilerId.cpp" produced "a.out"

The CXX compiler identification is AppleClang, found in "/Users/evison/Documents/projects/lmf/laiguokun/LMF/metis-5.0.2-rbbdf/build/Darwin-x86_64/CMakeFiles/3.1.1/CompilerIdCXX/a.out"

Determining if the C compiler works passed with the following output:
Change Dir: /Users/evison/Documents/projects/lmf/laiguokun/LMF/metis-5.0.2-rbbdf/build/Darwin-x86_64/CMakeFiles/CMakeTmp

Run Build Command:"/usr/bin/make" "cmTryCompileExec3939699124/fast"
/Applications/Xcode.app/Contents/Developer/usr/bin/make -f CMakeFiles/cmTryCompileExec3939699124.dir/build.make CMakeFiles/cmTryCompileExec3939699124.dir/build
/usr/local/bin/cmake -E cmake_progress_report /Users/evison/Documents/projects/lmf/laiguokun/LMF/metis-5.0.2-rbbdf/build/Darwin-x86_64/CMakeFiles/CMakeTmp/CMakeFiles 1
Building C object CMakeFiles/cmTryCompileExec3939699124.dir/testCCompiler.c.o
/usr/bin/cc    -o CMakeFiles/cmTryCompileExec3939699124.dir/testCCompiler.c.o   -c /Users/evison/Documents/projects/lmf/laiguokun/LMF/metis-5.0.2-rbbdf/build/Darwin-x86_64/CMakeFiles/CMakeTmp/testCCompiler.c
Linking C executable cmTryCompileExec3939699124
/usr/local/bin/cmake -E cmake_link_script CMakeFiles/cmTryCompileExec3939699124.dir/link.txt --verbose=1
/usr/bin/cc    -Wl,-search_paths_first -Wl,-headerpad_max_install_names  CMakeFiles/cmTryCompileExec3939699124.dir/testCCompiler.c.o  -o cmTryCompileExec3939699124  


Detecting C compiler ABI info compiled with the following output:
Change Dir: /Users/evison/Documents/projects/lmf/laiguokun/LMF/metis-5.0.2-rbbdf/build/Darwin-x86_64/CMakeFiles/CMakeTmp

Run Build Command:"/usr/bin/make" "cmTryCompileExec4202629059/fast"
/Applications/Xcode.app/Contents/Developer/usr/bin/make -f CMakeFiles/cmTryCompileExec4202629059.dir/build.make CMakeFiles/cmTryCompileExec4202629059.dir/build
/usr/local/bin/cmake -E cmake_progress_report /Users/evison/Documents/projects/lmf/laiguokun/LMF/metis-5.0.2-rbbdf/build/Darwin-x86_64/CMakeFiles/CMakeTmp/CMakeFiles 1
Building C object CMakeFiles/cmTryCompileExec4202629059.dir/CMakeCCompilerABI.c.o
/usr/bin/cc    -o CMakeFiles/cmTryCompileExec4202629059.dir/CMakeCCompilerABI.c.o   -c /usr/local/share/cmake-3.1/Modules/CMakeCCompilerABI.c
Linking C executable cmTryCompileExec4202629059
/usr/local/bin/cmake -E cmake_link_script CMakeFiles/cmTryCompileExec4202629059.dir/link.txt --verbose=1
/usr/bin/cc    -Wl,-search_paths_first -Wl,-headerpad_max_install_names -v -Wl,-v CMakeFiles/cmTryCompileExec4202629059.dir/CMakeCCompilerABI.c.o  -o cmTryCompileExec4202629059   
Apple clang version 4.1 (tags/Apple/clang-421.11.66) (based on LLVM 3.1svn)
Target: x86_64-apple-darwin13.4.0
Thread model: posix
 "/Applications/Xcode.app/Contents/Developer/Toolchains/XcodeDefault.xctoolchain/usr/bin/ld" -demangle -dynamic -arch x86_64 -macosx_version_min 10.9.0 -o cmTryCompileExec4202629059 -search_paths_first -headerpad_max_install_names -v CMakeFiles/cmTryCompileExec4202629059.dir/CMakeCCompilerABI.c.o -lSystem /Applications/Xcode.app/Contents/Developer/Toolchains/XcodeDefault.xctoolchain/usr/bin/../lib/clang/4.1/lib/darwin/libclang_rt.osx.a
@(#)PROGRAM:ld  PROJECT:ld64-134.9
configured to support archs: armv6 armv7 armv7s i386 x86_64
Library search paths:
	/usr/lib
	/usr/local/lib
Framework search paths:
	/Library/Frameworks/
	/System/Library/Frameworks/


Parsed C implicit link information from above output:
  link line regex: [^( *|.*[/\])(ld|([^/\]+-)?ld|collect2)[^/\]*( |$)]
  ignore line: [Change Dir: /Users/evison/Documents/projects/lmf/laiguokun/LMF/metis-5.0.2-rbbdf/build/Darwin-x86_64/CMakeFiles/CMakeTmp]
  ignore line: []
  ignore line: [Run Build Command:"/usr/bin/make" "cmTryCompileExec4202629059/fast"]
  ignore line: [/Applications/Xcode.app/Contents/Developer/usr/bin/make -f CMakeFiles/cmTryCompileExec4202629059.dir/build.make CMakeFiles/cmTryCompileExec4202629059.dir/build]
  ignore line: [/usr/local/bin/cmake -E cmake_progress_report /Users/evison/Documents/projects/lmf/laiguokun/LMF/metis-5.0.2-rbbdf/build/Darwin-x86_64/CMakeFiles/CMakeTmp/CMakeFiles 1]
  ignore line: [Building C object CMakeFiles/cmTryCompileExec4202629059.dir/CMakeCCompilerABI.c.o]
  ignore line: [/usr/bin/cc    -o CMakeFiles/cmTryCompileExec4202629059.dir/CMakeCCompilerABI.c.o   -c /usr/local/share/cmake-3.1/Modules/CMakeCCompilerABI.c]
  ignore line: [Linking C executable cmTryCompileExec4202629059]
  ignore line: [/usr/local/bin/cmake -E cmake_link_script CMakeFiles/cmTryCompileExec4202629059.dir/link.txt --verbose=1]
  ignore line: [/usr/bin/cc    -Wl,-search_paths_first -Wl,-headerpad_max_install_names -v -Wl,-v CMakeFiles/cmTryCompileExec4202629059.dir/CMakeCCompilerABI.c.o  -o cmTryCompileExec4202629059   ]
  ignore line: [Apple clang version 4.1 (tags/Apple/clang-421.11.66) (based on LLVM 3.1svn)]
  ignore line: [Target: x86_64-apple-darwin13.4.0]
  ignore line: [Thread model: posix]
  link line: [ "/Applications/Xcode.app/Contents/Developer/Toolchains/XcodeDefault.xctoolchain/usr/bin/ld" -demangle -dynamic -arch x86_64 -macosx_version_min 10.9.0 -o cmTryCompileExec4202629059 -search_paths_first -headerpad_max_install_names -v CMakeFiles/cmTryCompileExec4202629059.dir/CMakeCCompilerABI.c.o -lSystem /Applications/Xcode.app/Contents/Developer/Toolchains/XcodeDefault.xctoolchain/usr/bin/../lib/clang/4.1/lib/darwin/libclang_rt.osx.a]
    arg [/Applications/Xcode.app/Contents/Developer/Toolchains/XcodeDefault.xctoolchain/usr/bin/ld] ==> ignore
    arg [-demangle] ==> ignore
    arg [-dynamic] ==> ignore
    arg [-arch] ==> ignore
    arg [x86_64] ==> ignore
    arg [-macosx_version_min] ==> ignore
    arg [10.9.0] ==> ignore
    arg [-o] ==> ignore
    arg [cmTryCompileExec4202629059] ==> ignore
    arg [-search_paths_first] ==> ignore
    arg [-headerpad_max_install_names] ==> ignore
    arg [-v] ==> ignore
    arg [CMakeFiles/cmTryCompileExec4202629059.dir/CMakeCCompilerABI.c.o] ==> ignore
    arg [-lSystem] ==> lib [System]
    arg [/Applications/Xcode.app/Contents/Developer/Toolchains/XcodeDefault.xctoolchain/usr/bin/../lib/clang/4.1/lib/darwin/libclang_rt.osx.a] ==> lib [/Applications/Xcode.app/Contents/Developer/Toolchains/XcodeDefault.xctoolchain/usr/bin/../lib/clang/4.1/lib/darwin/libclang_rt.osx.a]
  Library search paths: [;/usr/lib;/usr/local/lib]
  Framework search paths: [;/Library/Frameworks/;/System/Library/Frameworks/]
  remove lib [System]
  collapse lib [/Applications/Xcode.app/Contents/Developer/Toolchains/XcodeDefault.xctoolchain/usr/bin/../lib/clang/4.1/lib/darwin/libclang_rt.osx.a] ==> [/Applications/Xcode.app/Contents/Developer/Toolchains/XcodeDefault.xctoolchain/usr/lib/clang/4.1/lib/darwin/libclang_rt.osx.a]
  collapse library dir [/usr/lib] ==> [/usr/lib]
  collapse library dir [/usr/local/lib] ==> [/usr/local/lib]
  collapse framework dir [/Library/Frameworks/] ==> [/Library/Frameworks]
  collapse framework dir [/System/Library/Frameworks/] ==> [/System/Library/Frameworks]
  implicit libs: [/Applications/Xcode.app/Contents/Developer/Toolchains/XcodeDefault.xctoolchain/usr/lib/clang/4.1/lib/darwin/libclang_rt.osx.a]
  implicit dirs: [/usr/lib;/usr/local/lib]
  implicit fwks: [/Library/Frameworks;/System/Library/Frameworks]


Determining if the CXX compiler works passed with the following output:
Change Dir: /Users/evison/Documents/projects/lmf/laiguokun/LMF/metis-5.0.2-rbbdf/build/Darwin-x86_64/CMakeFiles/CMakeTmp

Run Build Command:"/usr/bin/make" "cmTryCompileExec199713847/fast"
/Applications/Xcode.app/Contents/Developer/usr/bin/make -f CMakeFiles/cmTryCompileExec199713847.dir/build.make CMakeFiles/cmTryCompileExec199713847.dir/build
/usr/local/bin/cmake -E cmake_progress_report /Users/evison/Documents/projects/lmf/laiguokun/LMF/metis-5.0.2-rbbdf/build/Darwin-x86_64/CMakeFiles/CMakeTmp/CMakeFiles 1
Building CXX object CMakeFiles/cmTryCompileExec199713847.dir/testCXXCompiler.cxx.o
/usr/bin/c++     -o CMakeFiles/cmTryCompileExec199713847.dir/testCXXCompiler.cxx.o -c /Users/evison/Documents/projects/lmf/laiguokun/LMF/metis-5.0.2-rbbdf/build/Darwin-x86_64/CMakeFiles/CMakeTmp/testCXXCompiler.cxx
Linking CXX executable cmTryCompileExec199713847
/usr/local/bin/cmake -E cmake_link_script CMakeFiles/cmTryCompileExec199713847.dir/link.txt --verbose=1
/usr/bin/c++     -Wl,-search_paths_first -Wl,-headerpad_max_install_names  CMakeFiles/cmTryCompileExec199713847.dir/testCXXCompiler.cxx.o  -o cmTryCompileExec199713847  


Detecting CXX compiler ABI info compiled with the following output:
Change Dir: /Users/evison/Documents/projects/lmf/laiguokun/LMF/metis-5.0.2-rbbdf/build/Darwin-x86_64/CMakeFiles/CMakeTmp

Run Build Command:"/usr/bin/make" "cmTryCompileExec254560452/fast"
/Applications/Xcode.app/Contents/Developer/usr/bin/make -f CMakeFiles/cmTryCompileExec254560452.dir/build.make CMakeFiles/cmTryCompileExec254560452.dir/build
/usr/local/bin/cmake -E cmake_progress_report /Users/evison/Documents/projects/lmf/laiguokun/LMF/metis-5.0.2-rbbdf/build/Darwin-x86_64/CMakeFiles/CMakeTmp/CMakeFiles 1
Building CXX object CMakeFiles/cmTryCompileExec254560452.dir/CMakeCXXCompilerABI.cpp.o
/usr/bin/c++     -o CMakeFiles/cmTryCompileExec254560452.dir/CMakeCXXCompilerABI.cpp.o -c /usr/local/share/cmake-3.1/Modules/CMakeCXXCompilerABI.cpp
Linking CXX executable cmTryCompileExec254560452
/usr/local/bin/cmake -E cmake_link_script CMakeFiles/cmTryCompileExec254560452.dir/link.txt --verbose=1
/usr/bin/c++     -Wl,-search_paths_first -Wl,-headerpad_max_install_names -v -Wl,-v CMakeFiles/cmTryCompileExec254560452.dir/CMakeCXXCompilerABI.cpp.o  -o cmTryCompileExec254560452   
Apple clang version 4.1 (tags/Apple/clang-421.11.66) (based on LLVM 3.1svn)
Target: x86_64-apple-darwin13.4.0
Thread model: posix
 "/Applications/Xcode.app/Contents/Developer/Toolchains/XcodeDefault.xctoolchain/usr/bin/ld" -demangle -dynamic -arch x86_64 -macosx_version_min 10.9.0 -o cmTryCompileExec254560452 -search_paths_first -headerpad_max_install_names -v CMakeFiles/cmTryCompileExec254560452.dir/CMakeCXXCompilerABI.cpp.o -lstdc++ -lSystem /Applications/Xcode.app/Contents/Developer/Toolchains/XcodeDefault.xctoolchain/usr/bin/../lib/clang/4.1/lib/darwin/libclang_rt.osx.a
@(#)PROGRAM:ld  PROJECT:ld64-134.9
configured to support archs: armv6 armv7 armv7s i386 x86_64
Library search paths:
	/usr/lib
	/usr/local/lib
Framework search paths:
	/Library/Frameworks/
	/System/Library/Frameworks/


Parsed CXX implicit link information from above output:
  link line regex: [^( *|.*[/\])(ld|([^/\]+-)?ld|collect2)[^/\]*( |$)]
  ignore line: [Change Dir: /Users/evison/Documents/projects/lmf/laiguokun/LMF/metis-5.0.2-rbbdf/build/Darwin-x86_64/CMakeFiles/CMakeTmp]
  ignore line: []
  ignore line: [Run Build Command:"/usr/bin/make" "cmTryCompileExec254560452/fast"]
  ignore line: [/Applications/Xcode.app/Contents/Developer/usr/bin/make -f CMakeFiles/cmTryCompileExec254560452.dir/build.make CMakeFiles/cmTryCompileExec254560452.dir/build]
  ignore line: [/usr/local/bin/cmake -E cmake_progress_report /Users/evison/Documents/projects/lmf/laiguokun/LMF/metis-5.0.2-rbbdf/build/Darwin-x86_64/CMakeFiles/CMakeTmp/CMakeFiles 1]
  ignore line: [Building CXX object CMakeFiles/cmTryCompileExec254560452.dir/CMakeCXXCompilerABI.cpp.o]
  ignore line: [/usr/bin/c++     -o CMakeFiles/cmTryCompileExec254560452.dir/CMakeCXXCompilerABI.cpp.o -c /usr/local/share/cmake-3.1/Modules/CMakeCXXCompilerABI.cpp]
  ignore line: [Linking CXX executable cmTryCompileExec254560452]
  ignore line: [/usr/local/bin/cmake -E cmake_link_script CMakeFiles/cmTryCompileExec254560452.dir/link.txt --verbose=1]
  ignore line: [/usr/bin/c++     -Wl,-search_paths_first -Wl,-headerpad_max_install_names -v -Wl,-v CMakeFiles/cmTryCompileExec254560452.dir/CMakeCXXCompilerABI.cpp.o  -o cmTryCompileExec254560452   ]
  ignore line: [Apple clang version 4.1 (tags/Apple/clang-421.11.66) (based on LLVM 3.1svn)]
  ignore line: [Target: x86_64-apple-darwin13.4.0]
  ignore line: [Thread model: posix]
  link line: [ "/Applications/Xcode.app/Contents/Developer/Toolchains/XcodeDefault.xctoolchain/usr/bin/ld" -demangle -dynamic -arch x86_64 -macosx_version_min 10.9.0 -o cmTryCompileExec254560452 -search_paths_first -headerpad_max_install_names -v CMakeFiles/cmTryCompileExec254560452.dir/CMakeCXXCompilerABI.cpp.o -lstdc++ -lSystem /Applications/Xcode.app/Contents/Developer/Toolchains/XcodeDefault.xctoolchain/usr/bin/../lib/clang/4.1/lib/darwin/libclang_rt.osx.a]
    arg [/Applications/Xcode.app/Contents/Developer/Toolchains/XcodeDefault.xctoolchain/usr/bin/ld] ==> ignore
    arg [-demangle] ==> ignore
    arg [-dynamic] ==> ignore
    arg [-arch] ==> ignore
    arg [x86_64] ==> ignore
    arg [-macosx_version_min] ==> ignore
    arg [10.9.0] ==> ignore
    arg [-o] ==> ignore
    arg [cmTryCompileExec254560452] ==> ignore
    arg [-search_paths_first] ==> ignore
    arg [-headerpad_max_install_names] ==> ignore
    arg [-v] ==> ignore
    arg [CMakeFiles/cmTryCompileExec254560452.dir/CMakeCXXCompilerABI.cpp.o] ==> ignore
    arg [-lstdc++] ==> lib [stdc++]
    arg [-lSystem] ==> lib [System]
    arg [/Applications/Xcode.app/Contents/Developer/Toolchains/XcodeDefault.xctoolchain/usr/bin/../lib/clang/4.1/lib/darwin/libclang_rt.osx.a] ==> lib [/Applications/Xcode.app/Contents/Developer/Toolchains/XcodeDefault.xctoolchain/usr/bin/../lib/clang/4.1/lib/darwin/libclang_rt.osx.a]
  Library search paths: [;/usr/lib;/usr/local/lib]
  Framework search paths: [;/Library/Frameworks/;/System/Library/Frameworks/]
  remove lib [System]
  collapse lib [/Applications/Xcode.app/Contents/Developer/Toolchains/XcodeDefault.xctoolchain/usr/bin/../lib/clang/4.1/lib/darwin/libclang_rt.osx.a] ==> [/Applications/Xcode.app/Contents/Developer/Toolchains/XcodeDefault.xctoolchain/usr/lib/clang/4.1/lib/darwin/libclang_rt.osx.a]
  collapse library dir [/usr/lib] ==> [/usr/lib]
  collapse library dir [/usr/local/lib] ==> [/usr/local/lib]
  collapse framework dir [/Library/Frameworks/] ==> [/Library/Frameworks]
  collapse framework dir [/System/Library/Frameworks/] ==> [/System/Library/Frameworks]
  implicit libs: [stdc++;/Applications/Xcode.app/Contents/Developer/Toolchains/XcodeDefault.xctoolchain/usr/lib/clang/4.1/lib/darwin/libclang_rt.osx.a]
  implicit dirs: [/usr/lib;/usr/local/lib]
  implicit fwks: [/Library/Frameworks;/System/Library/Frameworks]


Determining if the include file execinfo.h exists passed with the following output:
Change Dir: /Users/evison/Documents/projects/lmf/laiguokun/LMF/metis-5.0.2-rbbdf/build/Darwin-x86_64/CMakeFiles/CMakeTmp

Run Build Command:"/usr/bin/make" "cmTryCompileExec4239892654/fast"
/Applications/Xcode.app/Contents/Developer/usr/bin/make -f CMakeFiles/cmTryCompileExec4239892654.dir/build.make CMakeFiles/cmTryCompileExec4239892654.dir/build
/usr/local/bin/cmake -E cmake_progress_report /Users/evison/Documents/projects/lmf/laiguokun/LMF/metis-5.0.2-rbbdf/build/Darwin-x86_64/CMakeFiles/CMakeTmp/CMakeFiles 1
Building C object CMakeFiles/cmTryCompileExec4239892654.dir/CheckIncludeFile.c.o
/usr/bin/cc    -o CMakeFiles/cmTryCompileExec4239892654.dir/CheckIncludeFile.c.o   -c /Users/evison/Documents/projects/lmf/laiguokun/LMF/metis-5.0.2-rbbdf/build/Darwin-x86_64/CMakeFiles/CMakeTmp/CheckIncludeFile.c
Linking C executable cmTryCompileExec4239892654
/usr/local/bin/cmake -E cmake_link_script CMakeFiles/cmTryCompileExec4239892654.dir/link.txt --verbose=1
/usr/bin/cc    -Wl,-search_paths_first -Wl,-headerpad_max_install_names  CMakeFiles/cmTryCompileExec4239892654.dir/CheckIncludeFile.c.o  -o cmTryCompileExec4239892654  


Determining if the function getline exists passed with the following output:
Change Dir: /Users/evison/Documents/projects/lmf/laiguokun/LMF/metis-5.0.2-rbbdf/build/Darwin-x86_64/CMakeFiles/CMakeTmp

Run Build Command:"/usr/bin/make" "cmTryCompileExec2746388764/fast"
/Applications/Xcode.app/Contents/Developer/usr/bin/make -f CMakeFiles/cmTryCompileExec2746388764.dir/build.make CMakeFiles/cmTryCompileExec2746388764.dir/build
/usr/local/bin/cmake -E cmake_progress_report /Users/evison/Documents/projects/lmf/laiguokun/LMF/metis-5.0.2-rbbdf/build/Darwin-x86_64/CMakeFiles/CMakeTmp/CMakeFiles 1
Building C object CMakeFiles/cmTryCompileExec2746388764.dir/CheckFunctionExists.c.o
/usr/bin/cc   -DCHECK_FUNCTION_EXISTS=getline   -o CMakeFiles/cmTryCompileExec2746388764.dir/CheckFunctionExists.c.o   -c /usr/local/share/cmake-3.1/Modules/CheckFunctionExists.c
Linking C executable cmTryCompileExec2746388764
/usr/local/bin/cmake -E cmake_link_script CMakeFiles/cmTryCompileExec2746388764.dir/link.txt --verbose=1
/usr/bin/cc   -DCHECK_FUNCTION_EXISTS=getline -Wl,-search_paths_first -Wl,-headerpad_max_install_names  CMakeFiles/cmTryCompileExec2746388764.dir/CheckFunctionExists.c.o  -o cmTryCompileExec2746388764  


